2025-04-07T21:33:12.129+0300 [DEBUG] [org.gradle.launcher.daemon.bootstrap.DaemonMain] Assuming the daemon was started with following jvm opts: [-Xmx8G, -Dfile.encoding=UTF-8, -Duser.country=US, -Duser.language=en, -Duser.variant]
2025-04-07T21:33:12.252+0300 [DEBUG] [org.gradle.internal.remote.internal.inet.InetAddresses] Adding IP addresses for network interface docker0
2025-04-07T21:33:12.254+0300 [DEBUG] [org.gradle.internal.remote.internal.inet.InetAddresses] Is this a loopback interface? false
2025-04-07T21:33:12.254+0300 [DEBUG] [org.gradle.internal.remote.internal.inet.InetAddresses] Adding remote address /fe80:0:0:0:5439:faff:fe92:4bdb%docker0
2025-04-07T21:33:12.255+0300 [DEBUG] [org.gradle.internal.remote.internal.inet.InetAddresses] Adding remote address /172.17.0.1
2025-04-07T21:33:12.255+0300 [DEBUG] [org.gradle.internal.remote.internal.inet.InetAddresses] Adding IP addresses for network interface ens18
2025-04-07T21:33:12.255+0300 [DEBUG] [org.gradle.internal.remote.internal.inet.InetAddresses] Is this a loopback interface? false
2025-04-07T21:33:12.256+0300 [DEBUG] [org.gradle.internal.remote.internal.inet.InetAddresses] Adding remote address /2a05:3580:d91b:9b01:cc2b:8d5b:4d9a:cea7%ens18
2025-04-07T21:33:12.256+0300 [DEBUG] [org.gradle.internal.remote.internal.inet.InetAddresses] Adding remote address /2a05:3580:d91b:9b01:2366:5fae:6e3a:be0a%ens18
2025-04-07T21:33:12.256+0300 [DEBUG] [org.gradle.internal.remote.internal.inet.InetAddresses] Adding remote address /2a05:3580:d91b:9b01:1483:d7c3:6f94:c2fc%ens18
2025-04-07T21:33:12.257+0300 [DEBUG] [org.gradle.internal.remote.internal.inet.InetAddresses] Adding remote address /2a05:3580:d91b:9b01:be24:11ff:fe3b:3ea0%ens18
2025-04-07T21:33:12.257+0300 [DEBUG] [org.gradle.internal.remote.internal.inet.InetAddresses] Adding remote address /2a05:3580:d91b:9b01:5ea7:6a45:92b4:5eaf%ens18
2025-04-07T21:33:12.257+0300 [DEBUG] [org.gradle.internal.remote.internal.inet.InetAddresses] Adding remote address /fe80:0:0:0:be24:11ff:fe3b:3ea0%ens18
2025-04-07T21:33:12.257+0300 [DEBUG] [org.gradle.internal.remote.internal.inet.InetAddresses] Adding remote address /2a05:3580:d91b:9b01:b5e2:2d88:d2e1:17b4%ens18
2025-04-07T21:33:12.258+0300 [DEBUG] [org.gradle.internal.remote.internal.inet.InetAddresses] Adding remote address /2a05:3580:d91b:9b01:a09a:c6c2:a9fa:5b3c%ens18
2025-04-07T21:33:12.258+0300 [DEBUG] [org.gradle.internal.remote.internal.inet.InetAddresses] Adding remote address /2a05:3580:d91b:9b01:c36:681e:1d1:1c53%ens18
2025-04-07T21:33:12.259+0300 [DEBUG] [org.gradle.internal.remote.internal.inet.InetAddresses] Adding remote address /10.217.66.90
2025-04-07T21:33:12.259+0300 [DEBUG] [org.gradle.internal.remote.internal.inet.InetAddresses] Adding IP addresses for network interface lo
2025-04-07T21:33:12.259+0300 [DEBUG] [org.gradle.internal.remote.internal.inet.InetAddresses] Is this a loopback interface? true
2025-04-07T21:33:12.260+0300 [DEBUG] [org.gradle.internal.remote.internal.inet.InetAddresses] Adding loopback address /0:0:0:0:0:0:0:1%lo
2025-04-07T21:33:12.260+0300 [DEBUG] [org.gradle.internal.remote.internal.inet.InetAddresses] Adding loopback address /127.0.0.1
2025-04-07T21:33:12.289+0300 [INFO] [org.gradle.launcher.daemon.server.Daemon] start() called on daemon - DefaultDaemonContext[uid=787acfbc-d3ba-49cd-b1dd-7516b5a5527b,javaHome=/home/chrshnv/.vscode-server/extensions/redhat.java-1.41.1-linux-x64/jre/21.0.6-linux-x86_64,javaVersion=21,javaVendor=Eclipse Adoptium,daemonRegistryDir=/home/chrshnv/disk/awesome-tgx/daemon,pid=544607,idleTimeout=10800000,priority=NORMAL,applyInstrumentationAgent=true,nativeServicesMode=ENABLED,daemonOpts=-Xmx8G,-Dfile.encoding=UTF-8,-Duser.country=US,-Duser.language=en,-Duser.variant]
2025-04-07T21:33:12.317+0300 [DEBUG] [org.gradle.internal.remote.internal.inet.TcpIncomingConnector] Listening on [059138f5-16cf-4ba5-b98d-c758a1f3e4bf port:36251, addresses:[localhost/127.0.0.1]].
2025-04-07T21:33:12.331+0300 [DEBUG] [org.gradle.launcher.daemon.server.Daemon] Daemon starting at: Mon Apr 07 21:33:12 MSK 2025, with address: [059138f5-16cf-4ba5-b98d-c758a1f3e4bf port:36251, addresses:[localhost/127.0.0.1]]
2025-04-07T21:33:12.331+0300 [INFO] [org.gradle.launcher.daemon.server.DaemonRegistryUpdater] Advertising the daemon address to the clients: [059138f5-16cf-4ba5-b98d-c758a1f3e4bf port:36251, addresses:[localhost/127.0.0.1]]
2025-04-07T21:33:12.332+0300 [DEBUG] [org.gradle.launcher.daemon.server.DaemonRegistryUpdater] Advertised daemon context: DefaultDaemonContext[uid=787acfbc-d3ba-49cd-b1dd-7516b5a5527b,javaHome=/home/chrshnv/.vscode-server/extensions/redhat.java-1.41.1-linux-x64/jre/21.0.6-linux-x86_64,javaVersion=21,javaVendor=Eclipse Adoptium,daemonRegistryDir=/home/chrshnv/disk/awesome-tgx/daemon,pid=544607,idleTimeout=10800000,priority=NORMAL,applyInstrumentationAgent=true,nativeServicesMode=ENABLED,daemonOpts=-Xmx8G,-Dfile.encoding=UTF-8,-Duser.country=US,-Duser.language=en,-Duser.variant]
2025-04-07T21:33:12.332+0300 [DEBUG] [org.gradle.launcher.daemon.registry.PersistentDaemonRegistry] Storing daemon address: [059138f5-16cf-4ba5-b98d-c758a1f3e4bf port:36251, addresses:[localhost/127.0.0.1]], context: DefaultDaemonContext[uid=787acfbc-d3ba-49cd-b1dd-7516b5a5527b,javaHome=/home/chrshnv/.vscode-server/extensions/redhat.java-1.41.1-linux-x64/jre/21.0.6-linux-x86_64,javaVersion=21,javaVendor=Eclipse Adoptium,daemonRegistryDir=/home/chrshnv/disk/awesome-tgx/daemon,pid=544607,idleTimeout=10800000,priority=NORMAL,applyInstrumentationAgent=true,nativeServicesMode=ENABLED,daemonOpts=-Xmx8G,-Dfile.encoding=UTF-8,-Duser.country=US,-Duser.language=en,-Duser.variant]
2025-04-07T21:33:12.339+0300 [DEBUG] [org.gradle.cache.internal.DefaultFileLockManager] Waiting to acquire exclusive lock on daemon addresses registry.
2025-04-07T21:33:12.342+0300 [DEBUG] [org.gradle.cache.internal.DefaultFileLockManager] Lock acquired on daemon addresses registry.
2025-04-07T21:33:12.345+0300 [DEBUG] [org.gradle.cache.internal.DefaultFileLockManager] Releasing lock on daemon addresses registry.
2025-04-07T21:33:12.346+0300 [LIFECYCLE] [org.gradle.launcher.daemon.server.Daemon] Daemon server started.
2025-04-07T21:33:12.347+0300 [DEBUG] [org.gradle.launcher.daemon.bootstrap.DaemonStartupCommunication] Completed writing the daemon greeting. Closing streams...
2025-04-07T21:33:12.356+0300 [DEBUG] [org.gradle.launcher.daemon.server.Daemon] stopOnExpiration() called on daemon
2025-04-07T21:33:12.357+0300 [DEBUG] [org.gradle.internal.remote.internal.inet.TcpIncomingConnector] Accepted connection from /127.0.0.1:36172 to /127.0.0.1:36251.
2025-04-07T21:33:12.358+0300 [DEBUG] [org.gradle.launcher.daemon.server.Daemon] awaitExpiration() called on daemon
2025-04-07T21:33:12.358+0300 [DEBUG] [org.gradle.launcher.daemon.server.DaemonStateCoordinator] daemon is running. Sleeping until state changes.
2025-04-07T21:33:12.392+0300 [DEBUG] [org.gradle.launcher.daemon.server.SynchronizedDispatchConnection] thread 49: received class org.gradle.launcher.daemon.protocol.Build
2025-04-07T21:33:12.393+0300 [DEBUG] [org.gradle.launcher.daemon.server.DefaultDaemonConnection] thread 49: Received non-IO message from client: Build{id=001bd504-2f2d-4b1e-8fd5-24e15b10c7dc, currentDir=/home/chrshnv/.vscode-server/extensions/vscjava.vscode-gradle-3.16.4/lib}
2025-04-07T21:33:12.393+0300 [INFO] [org.gradle.launcher.daemon.server.DefaultIncomingConnectionHandler] Received command: Build{id=001bd504-2f2d-4b1e-8fd5-24e15b10c7dc, currentDir=/home/chrshnv/.vscode-server/extensions/vscjava.vscode-gradle-3.16.4/lib}.
2025-04-07T21:33:12.394+0300 [DEBUG] [org.gradle.launcher.daemon.server.DefaultIncomingConnectionHandler] Starting executing command: Build{id=001bd504-2f2d-4b1e-8fd5-24e15b10c7dc, currentDir=/home/chrshnv/.vscode-server/extensions/vscjava.vscode-gradle-3.16.4/lib} with connection: socket connection from /127.0.0.1:36251 to /127.0.0.1:36172.
2025-04-07T21:33:12.398+0300 [DEBUG] [org.gradle.launcher.daemon.server.DaemonStateCoordinator] Command execution: started DaemonCommandExecution[command = Build{id=001bd504-2f2d-4b1e-8fd5-24e15b10c7dc, currentDir=/home/chrshnv/.vscode-server/extensions/vscjava.vscode-gradle-3.16.4/lib}, connection = DefaultDaemonConnection: socket connection from /127.0.0.1:36251 to /127.0.0.1:36172] after 0.0014 minutes of idle
2025-04-07T21:33:12.399+0300 [INFO] [org.gradle.launcher.daemon.server.DaemonRegistryUpdater] Marking the daemon as busy, address: [059138f5-16cf-4ba5-b98d-c758a1f3e4bf port:36251, addresses:[localhost/127.0.0.1]]
2025-04-07T21:33:12.399+0300 [DEBUG] [org.gradle.launcher.daemon.registry.PersistentDaemonRegistry] Marking busy by address: [059138f5-16cf-4ba5-b98d-c758a1f3e4bf port:36251, addresses:[localhost/127.0.0.1]]
2025-04-07T21:33:12.400+0300 [DEBUG] [org.gradle.cache.internal.DefaultFileLockManager] Waiting to acquire exclusive lock on daemon addresses registry.
2025-04-07T21:33:12.401+0300 [DEBUG] [org.gradle.cache.internal.DefaultFileLockManager] Lock acquired on daemon addresses registry.
2025-04-07T21:33:12.402+0300 [DEBUG] [org.gradle.cache.internal.DefaultFileLockManager] Releasing lock on daemon addresses registry.
2025-04-07T21:33:12.402+0300 [DEBUG] [org.gradle.launcher.daemon.server.DaemonStateCoordinator] resetting idle timer
2025-04-07T21:33:12.403+0300 [DEBUG] [org.gradle.launcher.daemon.server.DaemonStateCoordinator] daemon is running. Sleeping until state changes.
2025-04-07T21:33:12.405+0300 [INFO] [org.gradle.launcher.daemon.server.exec.StartBuildOrRespondWithBusy] Daemon is about to start building Build{id=001bd504-2f2d-4b1e-8fd5-24e15b10c7dc, currentDir=/home/chrshnv/.vscode-server/extensions/vscjava.vscode-gradle-3.16.4/lib}. Dispatching build started information...
2025-04-07T21:33:12.406+0300 [DEBUG] [org.gradle.launcher.daemon.server.SynchronizedDispatchConnection] thread 51: dispatching org.gradle.launcher.daemon.protocol.BuildStarted@4b365086
2025-04-07T21:33:12.409+0300 [DEBUG] [org.gradle.launcher.daemon.server.exec.EstablishBuildEnvironment] Configuring env variables: [PATH, VSCODE_JAVA_HOME, HOMEDIR, BROWSER, VSCODE_HANDLES_SIGPIPE, VSCODE_L10N_BUNDLE_LOCATION, GRADLE_SERVER_OPTS, VSCODE_HANDLES_UNCAUGHT_ERRORS, MOTD_SHOWN, LANG, DBUS_SESSION_BUS_ADDRESS, XDG_SESSION_ID, XDG_SESSION_TYPE, ELECTRON_RUN_AS_NODE, VSCODE_IPC_HOOK_CLI, LOGNAME, VSCODE_AGENT_FOLDER, PWD, VSCODE_NLS_CONFIG, XDG_SESSION_CLASS, _, LANGUAGE, SSL_CERT_FILE, VSCODE_CWD, SSL_CERT_DIR, SHELL, VSCODE_CLI_REQUIRE_TOKEN, VSCODE_ESM_ENTRYPOINT, SSH_CLIENT, OLDPWD, USER, SSH_CONNECTION, LS_COLORS, XDG_RUNTIME_DIR, SHLVL, HOME]
2025-04-07T21:33:12.417+0300 [DEBUG] [org.gradle.launcher.daemon.server.exec.LogToClient] About to start relaying all logs to the client via the connection.
2025-04-07T21:33:12.417+0300 [INFO] [org.gradle.launcher.daemon.server.exec.LogToClient] The client will now receive all logging from the daemon (pid: 544607). The daemon log file: /home/chrshnv/disk/awesome-tgx/daemon/8.13/daemon-544607.out.log
2025-04-07T21:33:12.421+0300 [INFO] [org.gradle.launcher.daemon.server.exec.LogAndCheckHealth] Starting build in new daemon [memory: 8 GiB]
2025-04-07T21:33:12.425+0300 [DEBUG] [org.gradle.launcher.daemon.server.exec.ExecuteBuild] The daemon has started executing the build.
2025-04-07T21:33:12.425+0300 [DEBUG] [org.gradle.launcher.daemon.server.exec.ExecuteBuild] Executing build with daemon context: DefaultDaemonContext[uid=787acfbc-d3ba-49cd-b1dd-7516b5a5527b,javaHome=/home/chrshnv/.vscode-server/extensions/redhat.java-1.41.1-linux-x64/jre/21.0.6-linux-x86_64,javaVersion=21,javaVendor=Eclipse Adoptium,daemonRegistryDir=/home/chrshnv/disk/awesome-tgx/daemon,pid=544607,idleTimeout=10800000,priority=NORMAL,applyInstrumentationAgent=true,nativeServicesMode=ENABLED,daemonOpts=-Xmx8G,-Dfile.encoding=UTF-8,-Duser.country=US,-Duser.language=en,-Duser.variant]

[Incubating] Problems report is available at: file:///home/chrshnv/disk/awesome-tgx/build/reports/problems/problems-report.html

FAILURE: Build failed with an exception.

* Where:
Build file '/home/chrshnv/disk/awesome-tgx/app/build.gradle.kts' line: 8

* What went wrong:
An exception occurred applying plugin request [id: 'module-plugin']
> Failed to apply plugin 'module-plugin'.
   > Cannot read /home/chrshnv/disk/awesome-tgx/daemon/8.13/local.properties

* Try:
> Run with --stacktrace option to get the stack trace.
> Run with --info or --debug option to get more log output.
> Run with --scan to get full insights.
> Get more help at https://help.gradle.org.

Deprecated Gradle features were used in this build, making it incompatible with Gradle 9.0.

You can use '--warning-mode all' to show the individual deprecation warnings and determine if they come from your own scripts or plugins.

For more on this, please refer to https://docs.gradle.org/8.13/userguide/command_line_interface.html#sec:command_line_warnings in the Gradle documentation.

BUILD FAILED in 1m 24s
4 actionable tasks: 4 up-to-date
2025-04-07T21:34:29.952+0300 [DEBUG] [org.gradle.launcher.daemon.server.exec.ExecuteBuild] The daemon has finished executing the build.
2025-04-07T21:34:29.963+0300 [DEBUG] [org.gradle.launcher.daemon.server.DaemonStateCoordinator] daemon is running. Sleeping until state changes.
2025-04-07T21:34:29.964+0300 [DEBUG] [org.gradle.launcher.daemon.server.DaemonStateCoordinator] Command execution: finished waiting for DaemonCommandExecution[command = Build{id=001bd504-2f2d-4b1e-8fd5-24e15b10c7dc, currentDir=/home/chrshnv/.vscode-server/extensions/vscjava.vscode-gradle-3.16.4/lib}, connection = DefaultDaemonConnection: socket connection from /127.0.0.1:36251 to /127.0.0.1:36172]. Result org.gradle.launcher.daemon.server.DaemonStateCoordinator@430bf5a9 with state Busy
2025-04-07T21:34:29.964+0300 [DEBUG] [org.gradle.launcher.daemon.server.DaemonStateCoordinator] Command execution: completed DaemonCommandExecution[command = Build{id=001bd504-2f2d-4b1e-8fd5-24e15b10c7dc, currentDir=/home/chrshnv/.vscode-server/extensions/vscjava.vscode-gradle-3.16.4/lib}, connection = DefaultDaemonConnection: socket connection from /127.0.0.1:36251 to /127.0.0.1:36172]
2025-04-07T21:34:29.964+0300 [DEBUG] [org.gradle.launcher.daemon.server.DaemonStateCoordinator] resetting idle timer
2025-04-07T21:34:29.965+0300 [INFO] [org.gradle.launcher.daemon.server.DaemonRegistryUpdater] Marking the daemon as idle, address: [059138f5-16cf-4ba5-b98d-c758a1f3e4bf port:36251, addresses:[localhost/127.0.0.1]]
2025-04-07T21:34:29.965+0300 [DEBUG] [org.gradle.launcher.daemon.registry.PersistentDaemonRegistry] Marking busy by address: [059138f5-16cf-4ba5-b98d-c758a1f3e4bf port:36251, addresses:[localhost/127.0.0.1]]
2025-04-07T21:34:29.966+0300 [DEBUG] [org.gradle.cache.internal.DefaultFileLockManager] Waiting to acquire exclusive lock on daemon addresses registry.
2025-04-07T21:34:29.967+0300 [DEBUG] [org.gradle.cache.internal.DefaultFileLockManager] Lock acquired on daemon addresses registry.
2025-04-07T21:34:29.968+0300 [DEBUG] [org.gradle.cache.internal.DefaultFileLockManager] Releasing lock on daemon addresses registry.
2025-04-07T21:34:29.968+0300 [DEBUG] [org.gradle.launcher.daemon.server.DaemonStateCoordinator] daemon is running. Sleeping until state changes.
2025-04-07T21:34:29.969+0300 [DEBUG] [org.gradle.launcher.daemon.server.exec.ReturnResult] Daemon is dispatching the build result: Success[value=org.gradle.launcher.exec.BuildActionResult@47e157d9]
2025-04-07T21:34:29.969+0300 [DEBUG] [org.gradle.launcher.daemon.server.SynchronizedDispatchConnection] thread 48: dispatching Success[value=org.gradle.launcher.exec.BuildActionResult@47e157d9]
2025-04-07T21:34:29.979+0300 [DEBUG] [org.gradle.launcher.daemon.server.exec.CleanUpVirtualFileSystemAfterBuild] Cleaning virtual file system after build finished
2025-04-07T21:34:29.980+0300 [DEBUG] [org.gradle.launcher.daemon.server.DefaultIncomingConnectionHandler] Finishing executing command: Build{id=001bd504-2f2d-4b1e-8fd5-24e15b10c7dc, currentDir=/home/chrshnv/.vscode-server/extensions/vscjava.vscode-gradle-3.16.4/lib}
2025-04-07T21:34:29.983+0300 [DEBUG] [org.gradle.launcher.daemon.server.SynchronizedDispatchConnection] thread 49: received class org.gradle.launcher.daemon.protocol.CloseInput
2025-04-07T21:34:29.984+0300 [DEBUG] [org.gradle.launcher.daemon.server.DefaultDaemonConnection] thread 49: Received IO message from client: org.gradle.launcher.daemon.protocol.CloseInput@3da722fb
2025-04-07T21:34:29.984+0300 [DEBUG] [org.gradle.launcher.daemon.server.SynchronizedDispatchConnection] thread 49: received class org.gradle.launcher.daemon.protocol.Finished
2025-04-07T21:34:29.984+0300 [DEBUG] [org.gradle.launcher.daemon.server.DefaultDaemonConnection] thread 49: Received non-IO message from client: org.gradle.launcher.daemon.protocol.Finished@7ec4bab5
2025-04-07T21:34:29.985+0300 [DEBUG] [org.gradle.launcher.daemon.server.DefaultIncomingConnectionHandler] Received finished message: org.gradle.launcher.daemon.protocol.Finished@7ec4bab5
2025-04-07T21:34:29.985+0300 [DEBUG] [org.gradle.launcher.daemon.server.SynchronizedDispatchConnection] thread 48: stopping connection
2025-04-07T21:34:29.985+0300 [DEBUG] [org.gradle.internal.remote.internal.inet.SocketConnection] Discarding EOFException: java.io.EOFException
2025-04-07T21:34:29.986+0300 [DEBUG] [org.gradle.launcher.daemon.server.SynchronizedDispatchConnection] thread 49: received null
2025-04-07T21:34:29.986+0300 [DEBUG] [org.gradle.launcher.daemon.server.DefaultDaemonConnection] thread 49: Received end-of-input from client.
2025-04-07T21:34:29.987+0300 [DEBUG] [org.gradle.launcher.daemon.server.SynchronizedDispatchConnection] thread 48: stopping connection
2025-04-07T21:34:32.357+0300 [DEBUG] [org.gradle.cache.internal.DefaultFileLockManager] Waiting to acquire shared lock on daemon addresses registry.
2025-04-07T21:34:32.358+0300 [DEBUG] [org.gradle.cache.internal.DefaultFileLockManager] Lock acquired on daemon addresses registry.
2025-04-07T21:34:32.358+0300 [DEBUG] [org.gradle.cache.internal.DefaultFileLockManager] Releasing lock on daemon addresses registry.
2025-04-07T21:34:32.360+0300 [DEBUG] [org.gradle.cache.internal.DefaultFileLockManager] Waiting to acquire shared lock on daemon addresses registry.
2025-04-07T21:34:32.360+0300 [DEBUG] [org.gradle.cache.internal.DefaultFileLockManager] Lock acquired on daemon addresses registry.
2025-04-07T21:34:32.360+0300 [DEBUG] [org.gradle.cache.internal.DefaultFileLockManager] Releasing lock on daemon addresses registry.
2025-04-07T21:34:42.357+0300 [DEBUG] [org.gradle.cache.internal.DefaultFileLockManager] Waiting to acquire shared lock on daemon addresses registry.
2025-04-07T21:34:42.358+0300 [DEBUG] [org.gradle.cache.internal.DefaultFileLockManager] Lock acquired on daemon addresses registry.
2025-04-07T21:34:42.358+0300 [DEBUG] [org.gradle.cache.internal.DefaultFileLockManager] Releasing lock on daemon addresses registry.
2025-04-07T21:34:42.358+0300 [DEBUG] [org.gradle.cache.internal.DefaultFileLockManager] Waiting to acquire shared lock on daemon addresses registry.
2025-04-07T21:34:42.359+0300 [DEBUG] [org.gradle.cache.internal.DefaultFileLockManager] Lock acquired on daemon addresses registry.
2025-04-07T21:34:42.359+0300 [DEBUG] [org.gradle.cache.internal.DefaultFileLockManager] Releasing lock on daemon addresses registry.
2025-04-07T21:34:42.359+0300 [DEBUG] [org.gradle.cache.internal.DefaultFileLockManager] Waiting to acquire shared lock on daemon addresses registry.
2025-04-07T21:34:42.359+0300 [DEBUG] [org.gradle.cache.internal.DefaultFileLockManager] Lock acquired on daemon addresses registry.
2025-04-07T21:34:42.359+0300 [DEBUG] [org.gradle.cache.internal.DefaultFileLockManager] Releasing lock on daemon addresses registry.
2025-04-07T21:34:52.358+0300 [DEBUG] [org.gradle.cache.internal.DefaultFileLockManager] Waiting to acquire shared lock on daemon addresses registry.
2025-04-07T21:34:52.358+0300 [DEBUG] [org.gradle.cache.internal.DefaultFileLockManager] Lock acquired on daemon addresses registry.
2025-04-07T21:34:52.358+0300 [DEBUG] [org.gradle.cache.internal.DefaultFileLockManager] Releasing lock on daemon addresses registry.
2025-04-07T21:34:52.359+0300 [DEBUG] [org.gradle.cache.internal.DefaultFileLockManager] Waiting to acquire shared lock on daemon addresses registry.
2025-04-07T21:34:52.359+0300 [DEBUG] [org.gradle.cache.internal.DefaultFileLockManager] Lock acquired on daemon addresses registry.
2025-04-07T21:34:52.360+0300 [DEBUG] [org.gradle.cache.internal.DefaultFileLockManager] Releasing lock on daemon addresses registry.
2025-04-07T21:34:52.360+0300 [DEBUG] [org.gradle.cache.internal.DefaultFileLockManager] Waiting to acquire shared lock on daemon addresses registry.
2025-04-07T21:34:52.360+0300 [DEBUG] [org.gradle.cache.internal.DefaultFileLockManager] Lock acquired on daemon addresses registry.
2025-04-07T21:34:52.361+0300 [DEBUG] [org.gradle.cache.internal.DefaultFileLockManager] Releasing lock on daemon addresses registry.
2025-04-07T21:34:55.935+0300 [DEBUG] [org.gradle.internal.remote.internal.inet.TcpIncomingConnector] Accepted connection from /127.0.0.1:54928 to /127.0.0.1:36251.
2025-04-07T21:34:55.937+0300 [DEBUG] [org.gradle.launcher.daemon.server.SynchronizedDispatchConnection] thread 298: received class org.gradle.launcher.daemon.protocol.Build
2025-04-07T21:34:55.938+0300 [DEBUG] [org.gradle.launcher.daemon.server.DefaultDaemonConnection] thread 298: Received non-IO message from client: Build{id=ec183577-9b63-43a1-bf1c-7a4d695590d2, currentDir=/home/chrshnv/.vscode-server/extensions/vscjava.vscode-gradle-3.16.4/lib}
2025-04-07T21:34:55.938+0300 [INFO] [org.gradle.launcher.daemon.server.DefaultIncomingConnectionHandler] Received command: Build{id=ec183577-9b63-43a1-bf1c-7a4d695590d2, currentDir=/home/chrshnv/.vscode-server/extensions/vscjava.vscode-gradle-3.16.4/lib}.
2025-04-07T21:34:55.938+0300 [DEBUG] [org.gradle.launcher.daemon.server.DefaultIncomingConnectionHandler] Starting executing command: Build{id=ec183577-9b63-43a1-bf1c-7a4d695590d2, currentDir=/home/chrshnv/.vscode-server/extensions/vscjava.vscode-gradle-3.16.4/lib} with connection: socket connection from /127.0.0.1:36251 to /127.0.0.1:54928.
2025-04-07T21:34:55.938+0300 [DEBUG] [org.gradle.launcher.daemon.server.DaemonStateCoordinator] Command execution: started DaemonCommandExecution[command = Build{id=ec183577-9b63-43a1-bf1c-7a4d695590d2, currentDir=/home/chrshnv/.vscode-server/extensions/vscjava.vscode-gradle-3.16.4/lib}, connection = DefaultDaemonConnection: socket connection from /127.0.0.1:36251 to /127.0.0.1:54928] after 0.43288333333333334 minutes of idle
2025-04-07T21:34:55.939+0300 [INFO] [org.gradle.launcher.daemon.server.DaemonRegistryUpdater] Marking the daemon as busy, address: [059138f5-16cf-4ba5-b98d-c758a1f3e4bf port:36251, addresses:[localhost/127.0.0.1]]
2025-04-07T21:34:55.939+0300 [DEBUG] [org.gradle.launcher.daemon.registry.PersistentDaemonRegistry] Marking busy by address: [059138f5-16cf-4ba5-b98d-c758a1f3e4bf port:36251, addresses:[localhost/127.0.0.1]]
2025-04-07T21:34:55.939+0300 [DEBUG] [org.gradle.cache.internal.DefaultFileLockManager] Waiting to acquire exclusive lock on daemon addresses registry.
2025-04-07T21:34:55.940+0300 [DEBUG] [org.gradle.cache.internal.DefaultFileLockManager] Lock acquired on daemon addresses registry.
2025-04-07T21:34:55.940+0300 [DEBUG] [org.gradle.cache.internal.DefaultFileLockManager] Releasing lock on daemon addresses registry.
2025-04-07T21:34:55.940+0300 [DEBUG] [org.gradle.launcher.daemon.server.DaemonStateCoordinator] resetting idle timer
2025-04-07T21:34:55.941+0300 [INFO] [org.gradle.launcher.daemon.server.exec.StartBuildOrRespondWithBusy] Daemon is about to start building Build{id=ec183577-9b63-43a1-bf1c-7a4d695590d2, currentDir=/home/chrshnv/.vscode-server/extensions/vscjava.vscode-gradle-3.16.4/lib}. Dispatching build started information...
2025-04-07T21:34:55.941+0300 [DEBUG] [org.gradle.launcher.daemon.server.DaemonStateCoordinator] daemon is running. Sleeping until state changes.
2025-04-07T21:34:55.941+0300 [DEBUG] [org.gradle.launcher.daemon.server.SynchronizedDispatchConnection] thread 51: dispatching org.gradle.launcher.daemon.protocol.BuildStarted@3a237353
2025-04-07T21:34:55.942+0300 [DEBUG] [org.gradle.launcher.daemon.server.exec.EstablishBuildEnvironment] Configuring env variables: [PATH, VSCODE_JAVA_HOME, HOMEDIR, BROWSER, VSCODE_HANDLES_SIGPIPE, VSCODE_L10N_BUNDLE_LOCATION, GRADLE_SERVER_OPTS, VSCODE_HANDLES_UNCAUGHT_ERRORS, MOTD_SHOWN, LANG, DBUS_SESSION_BUS_ADDRESS, XDG_SESSION_ID, XDG_SESSION_TYPE, ELECTRON_RUN_AS_NODE, VSCODE_IPC_HOOK_CLI, LOGNAME, VSCODE_AGENT_FOLDER, PWD, VSCODE_NLS_CONFIG, XDG_SESSION_CLASS, _, LANGUAGE, SSL_CERT_FILE, VSCODE_CWD, SSL_CERT_DIR, SHELL, VSCODE_CLI_REQUIRE_TOKEN, VSCODE_ESM_ENTRYPOINT, SSH_CLIENT, OLDPWD, USER, SSH_CONNECTION, LS_COLORS, XDG_RUNTIME_DIR, SHLVL, HOME]
2025-04-07T21:34:55.942+0300 [DEBUG] [org.gradle.launcher.daemon.server.exec.LogToClient] About to start relaying all logs to the client via the connection.
2025-04-07T21:34:55.942+0300 [INFO] [org.gradle.launcher.daemon.server.exec.LogToClient] The client will now receive all logging from the daemon (pid: 544607). The daemon log file: /home/chrshnv/disk/awesome-tgx/daemon/8.13/daemon-544607.out.log
2025-04-07T21:34:55.943+0300 [INFO] [org.gradle.launcher.daemon.server.exec.LogAndCheckHealth] Starting 2nd build in daemon [uptime: 1 mins 43.751 secs, performance: 99%, GC rate: 0.00/s, heap usage: 0% of 8 GiB]
2025-04-07T21:34:55.944+0300 [DEBUG] [org.gradle.launcher.daemon.server.exec.ExecuteBuild] The daemon has started executing the build.
2025-04-07T21:34:55.944+0300 [DEBUG] [org.gradle.launcher.daemon.server.exec.ExecuteBuild] Executing build with daemon context: DefaultDaemonContext[uid=787acfbc-d3ba-49cd-b1dd-7516b5a5527b,javaHome=/home/chrshnv/.vscode-server/extensions/redhat.java-1.41.1-linux-x64/jre/21.0.6-linux-x86_64,javaVersion=21,javaVendor=Eclipse Adoptium,daemonRegistryDir=/home/chrshnv/disk/awesome-tgx/daemon,pid=544607,idleTimeout=10800000,priority=NORMAL,applyInstrumentationAgent=true,nativeServicesMode=ENABLED,daemonOpts=-Xmx8G,-Dfile.encoding=UTF-8,-Duser.country=US,-Duser.language=en,-Duser.variant]

FAILURE: Build failed with an exception.

* Where:
Build file '/home/chrshnv/disk/awesome-tgx/app/build.gradle.kts' line: 8

* What went wrong:
An exception occurred applying plugin request [id: 'module-plugin']
> Failed to apply plugin 'module-plugin'.
   > Cannot read /home/chrshnv/disk/awesome-tgx/daemon/8.13/local.properties

* Try:
> Run with --stacktrace option to get the stack trace.
> Run with --info or --debug option to get more log output.
> Run with --scan to get full insights.
> Get more help at https://help.gradle.org.

BUILD FAILED in 637ms
4 actionable tasks: 4 up-to-date
2025-04-07T21:34:56.598+0300 [DEBUG] [org.gradle.launcher.daemon.server.exec.ExecuteBuild] The daemon has finished executing the build.
2025-04-07T21:34:56.603+0300 [DEBUG] [org.gradle.launcher.daemon.server.DaemonStateCoordinator] Command execution: finished waiting for DaemonCommandExecution[command = Build{id=ec183577-9b63-43a1-bf1c-7a4d695590d2, currentDir=/home/chrshnv/.vscode-server/extensions/vscjava.vscode-gradle-3.16.4/lib}, connection = DefaultDaemonConnection: socket connection from /127.0.0.1:36251 to /127.0.0.1:54928]. Result org.gradle.launcher.daemon.server.DaemonStateCoordinator@430bf5a9 with state Busy
2025-04-07T21:34:56.603+0300 [DEBUG] [org.gradle.launcher.daemon.server.DaemonStateCoordinator] Command execution: completed DaemonCommandExecution[command = Build{id=ec183577-9b63-43a1-bf1c-7a4d695590d2, currentDir=/home/chrshnv/.vscode-server/extensions/vscjava.vscode-gradle-3.16.4/lib}, connection = DefaultDaemonConnection: socket connection from /127.0.0.1:36251 to /127.0.0.1:54928]
2025-04-07T21:34:56.603+0300 [DEBUG] [org.gradle.launcher.daemon.server.DaemonStateCoordinator] resetting idle timer
2025-04-07T21:34:56.603+0300 [INFO] [org.gradle.launcher.daemon.server.DaemonRegistryUpdater] Marking the daemon as idle, address: [059138f5-16cf-4ba5-b98d-c758a1f3e4bf port:36251, addresses:[localhost/127.0.0.1]]
2025-04-07T21:34:56.604+0300 [DEBUG] [org.gradle.launcher.daemon.registry.PersistentDaemonRegistry] Marking busy by address: [059138f5-16cf-4ba5-b98d-c758a1f3e4bf port:36251, addresses:[localhost/127.0.0.1]]
2025-04-07T21:34:56.604+0300 [DEBUG] [org.gradle.cache.internal.DefaultFileLockManager] Waiting to acquire exclusive lock on daemon addresses registry.
2025-04-07T21:34:56.604+0300 [DEBUG] [org.gradle.cache.internal.DefaultFileLockManager] Lock acquired on daemon addresses registry.
2025-04-07T21:34:56.604+0300 [DEBUG] [org.gradle.cache.internal.DefaultFileLockManager] Releasing lock on daemon addresses registry.
2025-04-07T21:34:56.604+0300 [DEBUG] [org.gradle.launcher.daemon.server.exec.ReturnResult] Daemon is dispatching the build result: Success[value=org.gradle.launcher.exec.BuildActionResult@43bce5e0]
2025-04-07T21:34:56.604+0300 [DEBUG] [org.gradle.launcher.daemon.server.SynchronizedDispatchConnection] thread 48: dispatching Success[value=org.gradle.launcher.exec.BuildActionResult@43bce5e0]
2025-04-07T21:34:56.604+0300 [DEBUG] [org.gradle.launcher.daemon.server.DaemonStateCoordinator] daemon is running. Sleeping until state changes.
2025-04-07T21:34:56.605+0300 [DEBUG] [org.gradle.launcher.daemon.server.exec.CleanUpVirtualFileSystemAfterBuild] Cleaning virtual file system after build finished
2025-04-07T21:34:56.605+0300 [DEBUG] [org.gradle.launcher.daemon.server.DefaultIncomingConnectionHandler] Finishing executing command: Build{id=ec183577-9b63-43a1-bf1c-7a4d695590d2, currentDir=/home/chrshnv/.vscode-server/extensions/vscjava.vscode-gradle-3.16.4/lib}
2025-04-07T21:34:56.607+0300 [DEBUG] [org.gradle.launcher.daemon.server.SynchronizedDispatchConnection] thread 298: received class org.gradle.launcher.daemon.protocol.CloseInput
2025-04-07T21:34:56.607+0300 [DEBUG] [org.gradle.launcher.daemon.server.DefaultDaemonConnection] thread 298: Received IO message from client: org.gradle.launcher.daemon.protocol.CloseInput@2d3304ff
2025-04-07T21:34:56.607+0300 [DEBUG] [org.gradle.launcher.daemon.server.SynchronizedDispatchConnection] thread 298: received class org.gradle.launcher.daemon.protocol.Finished
2025-04-07T21:34:56.607+0300 [DEBUG] [org.gradle.launcher.daemon.server.DefaultDaemonConnection] thread 298: Received non-IO message from client: org.gradle.launcher.daemon.protocol.Finished@23f4ef29
2025-04-07T21:34:56.607+0300 [DEBUG] [org.gradle.internal.remote.internal.inet.SocketConnection] Discarding EOFException: java.io.EOFException
2025-04-07T21:34:56.607+0300 [DEBUG] [org.gradle.launcher.daemon.server.SynchronizedDispatchConnection] thread 298: received null
2025-04-07T21:34:56.607+0300 [DEBUG] [org.gradle.launcher.daemon.server.DefaultDaemonConnection] thread 298: Received end-of-input from client.
2025-04-07T21:34:56.607+0300 [DEBUG] [org.gradle.launcher.daemon.server.DefaultIncomingConnectionHandler] Received finished message: org.gradle.launcher.daemon.protocol.Finished@23f4ef29
2025-04-07T21:34:56.608+0300 [DEBUG] [org.gradle.launcher.daemon.server.SynchronizedDispatchConnection] thread 48: stopping connection
2025-04-07T21:34:56.608+0300 [DEBUG] [org.gradle.launcher.daemon.server.SynchronizedDispatchConnection] thread 48: stopping connection
2025-04-07T21:35:02.357+0300 [DEBUG] [org.gradle.cache.internal.DefaultFileLockManager] Waiting to acquire shared lock on daemon addresses registry.
2025-04-07T21:35:02.358+0300 [DEBUG] [org.gradle.cache.internal.DefaultFileLockManager] Lock acquired on daemon addresses registry.
2025-04-07T21:35:02.358+0300 [DEBUG] [org.gradle.cache.internal.DefaultFileLockManager] Releasing lock on daemon addresses registry.
2025-04-07T21:35:02.358+0300 [DEBUG] [org.gradle.cache.internal.DefaultFileLockManager] Waiting to acquire shared lock on daemon addresses registry.
2025-04-07T21:35:02.358+0300 [DEBUG] [org.gradle.cache.internal.DefaultFileLockManager] Lock acquired on daemon addresses registry.
2025-04-07T21:35:02.359+0300 [DEBUG] [org.gradle.cache.internal.DefaultFileLockManager] Releasing lock on daemon addresses registry.
2025-04-07T21:35:12.357+0300 [DEBUG] [org.gradle.cache.internal.DefaultFileLockManager] Waiting to acquire shared lock on daemon addresses registry.
2025-04-07T21:35:12.358+0300 [DEBUG] [org.gradle.cache.internal.DefaultFileLockManager] Lock acquired on daemon addresses registry.
2025-04-07T21:35:12.358+0300 [DEBUG] [org.gradle.cache.internal.DefaultFileLockManager] Releasing lock on daemon addresses registry.
2025-04-07T21:35:12.358+0300 [DEBUG] [org.gradle.cache.internal.DefaultFileLockManager] Waiting to acquire shared lock on daemon addresses registry.
2025-04-07T21:35:12.359+0300 [DEBUG] [org.gradle.cache.internal.DefaultFileLockManager] Lock acquired on daemon addresses registry.
2025-04-07T21:35:12.359+0300 [DEBUG] [org.gradle.cache.internal.DefaultFileLockManager] Releasing lock on daemon addresses registry.
2025-04-07T21:35:12.359+0300 [DEBUG] [org.gradle.cache.internal.DefaultFileLockManager] Waiting to acquire shared lock on daemon addresses registry.
2025-04-07T21:35:12.359+0300 [DEBUG] [org.gradle.cache.internal.DefaultFileLockManager] Lock acquired on daemon addresses registry.
2025-04-07T21:35:12.359+0300 [DEBUG] [org.gradle.cache.internal.DefaultFileLockManager] Releasing lock on daemon addresses registry.
2025-04-07T21:35:22.358+0300 [DEBUG] [org.gradle.cache.internal.DefaultFileLockManager] Waiting to acquire shared lock on daemon addresses registry.
2025-04-07T21:35:22.358+0300 [DEBUG] [org.gradle.cache.internal.DefaultFileLockManager] Lock acquired on daemon addresses registry.
2025-04-07T21:35:22.358+0300 [DEBUG] [org.gradle.cache.internal.DefaultFileLockManager] Releasing lock on daemon addresses registry.
2025-04-07T21:35:22.358+0300 [DEBUG] [org.gradle.cache.internal.DefaultFileLockManager] Waiting to acquire shared lock on daemon addresses registry.
2025-04-07T21:35:22.358+0300 [DEBUG] [org.gradle.cache.internal.DefaultFileLockManager] Lock acquired on daemon addresses registry.
2025-04-07T21:35:22.358+0300 [DEBUG] [org.gradle.cache.internal.DefaultFileLockManager] Releasing lock on daemon addresses registry.
2025-04-07T21:35:22.359+0300 [DEBUG] [org.gradle.cache.internal.DefaultFileLockManager] Waiting to acquire shared lock on daemon addresses registry.
2025-04-07T21:35:22.359+0300 [DEBUG] [org.gradle.cache.internal.DefaultFileLockManager] Lock acquired on daemon addresses registry.
2025-04-07T21:35:22.359+0300 [DEBUG] [org.gradle.cache.internal.DefaultFileLockManager] Releasing lock on daemon addresses registry.
2025-04-07T21:35:32.357+0300 [DEBUG] [org.gradle.cache.internal.DefaultFileLockManager] Waiting to acquire shared lock on daemon addresses registry.
2025-04-07T21:35:32.358+0300 [DEBUG] [org.gradle.cache.internal.DefaultFileLockManager] Lock acquired on daemon addresses registry.
2025-04-07T21:35:32.358+0300 [DEBUG] [org.gradle.cache.internal.DefaultFileLockManager] Releasing lock on daemon addresses registry.
2025-04-07T21:35:32.358+0300 [DEBUG] [org.gradle.cache.internal.DefaultFileLockManager] Waiting to acquire shared lock on daemon addresses registry.
2025-04-07T21:35:32.359+0300 [DEBUG] [org.gradle.cache.internal.DefaultFileLockManager] Lock acquired on daemon addresses registry.
2025-04-07T21:35:32.359+0300 [DEBUG] [org.gradle.cache.internal.DefaultFileLockManager] Releasing lock on daemon addresses registry.
2025-04-07T21:35:32.359+0300 [DEBUG] [org.gradle.cache.internal.DefaultFileLockManager] Waiting to acquire shared lock on daemon addresses registry.
2025-04-07T21:35:32.359+0300 [DEBUG] [org.gradle.cache.internal.DefaultFileLockManager] Lock acquired on daemon addresses registry.
2025-04-07T21:35:32.360+0300 [DEBUG] [org.gradle.cache.internal.DefaultFileLockManager] Releasing lock on daemon addresses registry.
2025-04-07T21:35:42.358+0300 [DEBUG] [org.gradle.cache.internal.DefaultFileLockManager] Waiting to acquire shared lock on daemon addresses registry.
2025-04-07T21:35:42.358+0300 [DEBUG] [org.gradle.cache.internal.DefaultFileLockManager] Lock acquired on daemon addresses registry.
2025-04-07T21:35:42.358+0300 [DEBUG] [org.gradle.cache.internal.DefaultFileLockManager] Releasing lock on daemon addresses registry.
2025-04-07T21:35:42.359+0300 [DEBUG] [org.gradle.cache.internal.DefaultFileLockManager] Waiting to acquire shared lock on daemon addresses registry.
2025-04-07T21:35:42.359+0300 [DEBUG] [org.gradle.cache.internal.DefaultFileLockManager] Lock acquired on daemon addresses registry.
2025-04-07T21:35:42.359+0300 [DEBUG] [org.gradle.cache.internal.DefaultFileLockManager] Releasing lock on daemon addresses registry.
2025-04-07T21:35:42.359+0300 [DEBUG] [org.gradle.cache.internal.DefaultFileLockManager] Waiting to acquire shared lock on daemon addresses registry.
2025-04-07T21:35:42.359+0300 [DEBUG] [org.gradle.cache.internal.DefaultFileLockManager] Lock acquired on daemon addresses registry.
2025-04-07T21:35:42.360+0300 [DEBUG] [org.gradle.cache.internal.DefaultFileLockManager] Releasing lock on daemon addresses registry.
2025-04-07T21:35:52.357+0300 [DEBUG] [org.gradle.cache.internal.DefaultFileLockManager] Waiting to acquire shared lock on daemon addresses registry.
2025-04-07T21:35:52.358+0300 [DEBUG] [org.gradle.cache.internal.DefaultFileLockManager] Lock acquired on daemon addresses registry.
2025-04-07T21:35:52.358+0300 [DEBUG] [org.gradle.cache.internal.DefaultFileLockManager] Releasing lock on daemon addresses registry.
2025-04-07T21:35:52.358+0300 [DEBUG] [org.gradle.cache.internal.DefaultFileLockManager] Waiting to acquire shared lock on daemon addresses registry.
2025-04-07T21:35:52.358+0300 [DEBUG] [org.gradle.cache.internal.DefaultFileLockManager] Lock acquired on daemon addresses registry.
2025-04-07T21:35:52.358+0300 [DEBUG] [org.gradle.cache.internal.DefaultFileLockManager] Releasing lock on daemon addresses registry.
2025-04-07T21:35:52.358+0300 [DEBUG] [org.gradle.cache.internal.DefaultFileLockManager] Waiting to acquire shared lock on daemon addresses registry.
2025-04-07T21:35:52.358+0300 [DEBUG] [org.gradle.cache.internal.DefaultFileLockManager] Lock acquired on daemon addresses registry.
2025-04-07T21:35:52.359+0300 [DEBUG] [org.gradle.cache.internal.DefaultFileLockManager] Releasing lock on daemon addresses registry.
2025-04-07T21:36:02.357+0300 [DEBUG] [org.gradle.cache.internal.DefaultFileLockManager] Waiting to acquire shared lock on daemon addresses registry.
2025-04-07T21:36:02.358+0300 [DEBUG] [org.gradle.cache.internal.DefaultFileLockManager] Lock acquired on daemon addresses registry.
2025-04-07T21:36:02.358+0300 [DEBUG] [org.gradle.cache.internal.DefaultFileLockManager] Releasing lock on daemon addresses registry.
2025-04-07T21:36:02.358+0300 [DEBUG] [org.gradle.cache.internal.DefaultFileLockManager] Waiting to acquire shared lock on daemon addresses registry.
2025-04-07T21:36:02.359+0300 [DEBUG] [org.gradle.cache.internal.DefaultFileLockManager] Lock acquired on daemon addresses registry.
2025-04-07T21:36:02.359+0300 [DEBUG] [org.gradle.cache.internal.DefaultFileLockManager] Releasing lock on daemon addresses registry.
2025-04-07T21:36:02.359+0300 [DEBUG] [org.gradle.cache.internal.DefaultFileLockManager] Waiting to acquire shared lock on daemon addresses registry.
2025-04-07T21:36:02.359+0300 [DEBUG] [org.gradle.cache.internal.DefaultFileLockManager] Lock acquired on daemon addresses registry.
2025-04-07T21:36:02.360+0300 [DEBUG] [org.gradle.cache.internal.DefaultFileLockManager] Releasing lock on daemon addresses registry.
2025-04-07T21:36:12.357+0300 [DEBUG] [org.gradle.cache.internal.DefaultFileLockManager] Waiting to acquire shared lock on daemon addresses registry.
2025-04-07T21:36:12.358+0300 [DEBUG] [org.gradle.cache.internal.DefaultFileLockManager] Lock acquired on daemon addresses registry.
2025-04-07T21:36:12.358+0300 [DEBUG] [org.gradle.cache.internal.DefaultFileLockManager] Releasing lock on daemon addresses registry.
2025-04-07T21:36:12.358+0300 [DEBUG] [org.gradle.cache.internal.DefaultFileLockManager] Waiting to acquire shared lock on daemon addresses registry.
2025-04-07T21:36:12.358+0300 [DEBUG] [org.gradle.cache.internal.DefaultFileLockManager] Lock acquired on daemon addresses registry.
2025-04-07T21:36:12.358+0300 [DEBUG] [org.gradle.cache.internal.DefaultFileLockManager] Releasing lock on daemon addresses registry.
2025-04-07T21:36:12.358+0300 [DEBUG] [org.gradle.cache.internal.DefaultFileLockManager] Waiting to acquire shared lock on daemon addresses registry.
2025-04-07T21:36:12.359+0300 [DEBUG] [org.gradle.cache.internal.DefaultFileLockManager] Lock acquired on daemon addresses registry.
2025-04-07T21:36:12.359+0300 [DEBUG] [org.gradle.cache.internal.DefaultFileLockManager] Releasing lock on daemon addresses registry.
2025-04-07T21:36:22.357+0300 [DEBUG] [org.gradle.cache.internal.DefaultFileLockManager] Waiting to acquire shared lock on daemon addresses registry.
2025-04-07T21:36:22.358+0300 [DEBUG] [org.gradle.cache.internal.DefaultFileLockManager] Lock acquired on daemon addresses registry.
2025-04-07T21:36:22.358+0300 [DEBUG] [org.gradle.cache.internal.DefaultFileLockManager] Releasing lock on daemon addresses registry.
2025-04-07T21:36:22.358+0300 [DEBUG] [org.gradle.cache.internal.DefaultFileLockManager] Waiting to acquire shared lock on daemon addresses registry.
2025-04-07T21:36:22.358+0300 [DEBUG] [org.gradle.cache.internal.DefaultFileLockManager] Lock acquired on daemon addresses registry.
2025-04-07T21:36:22.358+0300 [DEBUG] [org.gradle.cache.internal.DefaultFileLockManager] Releasing lock on daemon addresses registry.
2025-04-07T21:36:22.358+0300 [DEBUG] [org.gradle.cache.internal.DefaultFileLockManager] Waiting to acquire shared lock on daemon addresses registry.
2025-04-07T21:36:22.358+0300 [DEBUG] [org.gradle.cache.internal.DefaultFileLockManager] Lock acquired on daemon addresses registry.
2025-04-07T21:36:22.359+0300 [DEBUG] [org.gradle.cache.internal.DefaultFileLockManager] Releasing lock on daemon addresses registry.
2025-04-07T21:36:32.358+0300 [DEBUG] [org.gradle.cache.internal.DefaultFileLockManager] Waiting to acquire shared lock on daemon addresses registry.
2025-04-07T21:36:32.358+0300 [DEBUG] [org.gradle.cache.internal.DefaultFileLockManager] Lock acquired on daemon addresses registry.
2025-04-07T21:36:32.358+0300 [DEBUG] [org.gradle.cache.internal.DefaultFileLockManager] Releasing lock on daemon addresses registry.
2025-04-07T21:36:32.358+0300 [DEBUG] [org.gradle.cache.internal.DefaultFileLockManager] Waiting to acquire shared lock on daemon addresses registry.
2025-04-07T21:36:32.358+0300 [DEBUG] [org.gradle.cache.internal.DefaultFileLockManager] Lock acquired on daemon addresses registry.
2025-04-07T21:36:32.358+0300 [DEBUG] [org.gradle.cache.internal.DefaultFileLockManager] Releasing lock on daemon addresses registry.
2025-04-07T21:36:32.358+0300 [DEBUG] [org.gradle.cache.internal.DefaultFileLockManager] Waiting to acquire shared lock on daemon addresses registry.
2025-04-07T21:36:32.358+0300 [DEBUG] [org.gradle.cache.internal.DefaultFileLockManager] Lock acquired on daemon addresses registry.
2025-04-07T21:36:32.358+0300 [DEBUG] [org.gradle.cache.internal.DefaultFileLockManager] Releasing lock on daemon addresses registry.
2025-04-07T21:36:42.358+0300 [DEBUG] [org.gradle.cache.internal.DefaultFileLockManager] Waiting to acquire shared lock on daemon addresses registry.
2025-04-07T21:36:42.358+0300 [DEBUG] [org.gradle.cache.internal.DefaultFileLockManager] Lock acquired on daemon addresses registry.
2025-04-07T21:36:42.358+0300 [DEBUG] [org.gradle.cache.internal.DefaultFileLockManager] Releasing lock on daemon addresses registry.
2025-04-07T21:36:42.358+0300 [DEBUG] [org.gradle.cache.internal.DefaultFileLockManager] Waiting to acquire shared lock on daemon addresses registry.
2025-04-07T21:36:42.358+0300 [DEBUG] [org.gradle.cache.internal.DefaultFileLockManager] Lock acquired on daemon addresses registry.
2025-04-07T21:36:42.359+0300 [DEBUG] [org.gradle.cache.internal.DefaultFileLockManager] Releasing lock on daemon addresses registry.
2025-04-07T21:36:42.359+0300 [DEBUG] [org.gradle.cache.internal.DefaultFileLockManager] Waiting to acquire shared lock on daemon addresses registry.
2025-04-07T21:36:42.359+0300 [DEBUG] [org.gradle.cache.internal.DefaultFileLockManager] Lock acquired on daemon addresses registry.
2025-04-07T21:36:42.359+0300 [DEBUG] [org.gradle.cache.internal.DefaultFileLockManager] Releasing lock on daemon addresses registry.
2025-04-07T21:36:52.358+0300 [DEBUG] [org.gradle.cache.internal.DefaultFileLockManager] Waiting to acquire shared lock on daemon addresses registry.
2025-04-07T21:36:52.358+0300 [DEBUG] [org.gradle.cache.internal.DefaultFileLockManager] Lock acquired on daemon addresses registry.
2025-04-07T21:36:52.358+0300 [DEBUG] [org.gradle.cache.internal.DefaultFileLockManager] Releasing lock on daemon addresses registry.
2025-04-07T21:36:52.358+0300 [DEBUG] [org.gradle.cache.internal.DefaultFileLockManager] Waiting to acquire shared lock on daemon addresses registry.
2025-04-07T21:36:52.358+0300 [DEBUG] [org.gradle.cache.internal.DefaultFileLockManager] Lock acquired on daemon addresses registry.
2025-04-07T21:36:52.358+0300 [DEBUG] [org.gradle.cache.internal.DefaultFileLockManager] Releasing lock on daemon addresses registry.
2025-04-07T21:36:52.359+0300 [DEBUG] [org.gradle.cache.internal.DefaultFileLockManager] Waiting to acquire shared lock on daemon addresses registry.
2025-04-07T21:36:52.359+0300 [DEBUG] [org.gradle.cache.internal.DefaultFileLockManager] Lock acquired on daemon addresses registry.
2025-04-07T21:36:52.359+0300 [DEBUG] [org.gradle.cache.internal.DefaultFileLockManager] Releasing lock on daemon addresses registry.
2025-04-07T21:37:02.357+0300 [DEBUG] [org.gradle.cache.internal.DefaultFileLockManager] Waiting to acquire shared lock on daemon addresses registry.
2025-04-07T21:37:02.358+0300 [DEBUG] [org.gradle.cache.internal.DefaultFileLockManager] Lock acquired on daemon addresses registry.
2025-04-07T21:37:02.358+0300 [DEBUG] [org.gradle.cache.internal.DefaultFileLockManager] Releasing lock on daemon addresses registry.
2025-04-07T21:37:02.358+0300 [DEBUG] [org.gradle.cache.internal.DefaultFileLockManager] Waiting to acquire shared lock on daemon addresses registry.
2025-04-07T21:37:02.358+0300 [DEBUG] [org.gradle.cache.internal.DefaultFileLockManager] Lock acquired on daemon addresses registry.
2025-04-07T21:37:02.358+0300 [DEBUG] [org.gradle.cache.internal.DefaultFileLockManager] Releasing lock on daemon addresses registry.
2025-04-07T21:37:02.358+0300 [DEBUG] [org.gradle.cache.internal.DefaultFileLockManager] Waiting to acquire shared lock on daemon addresses registry.
2025-04-07T21:37:02.359+0300 [DEBUG] [org.gradle.cache.internal.DefaultFileLockManager] Lock acquired on daemon addresses registry.
2025-04-07T21:37:02.359+0300 [DEBUG] [org.gradle.cache.internal.DefaultFileLockManager] Releasing lock on daemon addresses registry.
2025-04-07T21:37:12.357+0300 [DEBUG] [org.gradle.cache.internal.DefaultFileLockManager] Waiting to acquire shared lock on daemon addresses registry.
2025-04-07T21:37:12.358+0300 [DEBUG] [org.gradle.cache.internal.DefaultFileLockManager] Lock acquired on daemon addresses registry.
2025-04-07T21:37:12.358+0300 [DEBUG] [org.gradle.cache.internal.DefaultFileLockManager] Releasing lock on daemon addresses registry.
2025-04-07T21:37:12.359+0300 [DEBUG] [org.gradle.cache.internal.DefaultFileLockManager] Waiting to acquire shared lock on daemon addresses registry.
2025-04-07T21:37:12.359+0300 [DEBUG] [org.gradle.cache.internal.DefaultFileLockManager] Lock acquired on daemon addresses registry.
2025-04-07T21:37:12.359+0300 [DEBUG] [org.gradle.cache.internal.DefaultFileLockManager] Releasing lock on daemon addresses registry.
2025-04-07T21:37:12.359+0300 [DEBUG] [org.gradle.cache.internal.DefaultFileLockManager] Waiting to acquire shared lock on daemon addresses registry.
2025-04-07T21:37:12.359+0300 [DEBUG] [org.gradle.cache.internal.DefaultFileLockManager] Lock acquired on daemon addresses registry.
2025-04-07T21:37:12.359+0300 [DEBUG] [org.gradle.cache.internal.DefaultFileLockManager] Releasing lock on daemon addresses registry.
2025-04-07T21:37:14.660+0300 [DEBUG] [java.lang.Runtime] Runtime.exit() called with status: 143
java.lang.Throwable: Runtime.exit(143)
	at java.base/java.lang.Shutdown.logRuntimeExit(Unknown Source)
	at java.base/java.lang.Shutdown.exit(Unknown Source)
	at java.base/java.lang.Terminator$1.handle(Unknown Source)
	at java.base/jdk.internal.misc.Signal$1.run(Unknown Source)
	at java.base/java.lang.Thread.run(Unknown Source)
Daemon vm is shutting down... The daemon has exited normally or was terminated in response to a user interrupt.
2025-04-07T21:37:14.661+0300 [DEBUG] [org.gradle.launcher.daemon.registry.PersistentDaemonRegistry] Removing daemon address: [059138f5-16cf-4ba5-b98d-c758a1f3e4bf port:36251, addresses:[localhost/127.0.0.1]]
2025-04-07T21:37:14.663+0300 [DEBUG] [org.gradle.cache.internal.DefaultFileLockManager] Waiting to acquire exclusive lock on daemon addresses registry.
2025-04-07T21:37:14.663+0300 [DEBUG] [org.gradle.cache.internal.DefaultFileLockManager] Lock acquired on daemon addresses registry.
2025-04-07T21:37:14.664+0300 [DEBUG] [org.gradle.cache.internal.DefaultFileLockManager] Releasing lock on daemon addresses registry.
